app/build/intermediates/manifest_merge_blame_file/debug/manifest-merger-blame-debug-report.txt
1<?xml version="1.0" encoding="utf-8"?>
2<manifest xmlns:android="http://schemas.android.com/apk/res/android"
3    package="com.example.evento"
4    android:versionCode="1"
5    android:versionName="1.0" >
6
7    <uses-sdk
8        android:minSdkVersion="16"
8-->src\main\AndroidManifest.xml
9        android:targetSdkVersion="29" />
9-->src\main\AndroidManifest.xml
10
11    <uses-permission android:name="android.permission.INTERNET" />
11-->src\main\AndroidManifest.xml:5:5-67
11-->src\main\AndroidManifest.xml:5:22-64
12    <uses-permission android:name="android.permission.FOREGROUND_SERVICE" />
12-->src\main\AndroidManifest.xml:6:5-77
12-->src\main\AndroidManifest.xml:6:22-74
13    <uses-permission android:name="android.permission.ACCESS_NETWORK_STATE" />
13-->[com.firebaseui:firebase-ui-auth:2.3.0] AndroidManifest.xml:12:5-79
13-->[com.firebaseui:firebase-ui-auth:2.3.0] AndroidManifest.xml:12:22-76
14    <uses-permission android:name="android.permission.WAKE_LOCK" />
14-->[com.google.android.gms:play-services-measurement:17.2.2] AndroidManifest.xml:25:5-68
14-->[com.google.android.gms:play-services-measurement:17.2.2] AndroidManifest.xml:25:22-65
15    <uses-permission android:name="com.google.android.finsky.permission.BIND_GET_INSTALL_REFERRER_SERVICE" /> <!-- Required by older versions of Google Play services to create IID tokens -->
15-->[com.google.android.gms:play-services-measurement:17.2.2] AndroidManifest.xml:26:5-110
15-->[com.google.android.gms:play-services-measurement:17.2.2] AndroidManifest.xml:26:22-107
16    <uses-permission android:name="com.google.android.c2dm.permission.RECEIVE" />
16-->[com.google.firebase:firebase-iid:20.2.0] AndroidManifest.xml:26:5-82
16-->[com.google.firebase:firebase-iid:20.2.0] AndroidManifest.xml:26:22-79
17
18    <application
18-->src\main\AndroidManifest.xml:8:5-75:19
19        android:allowBackup="true"
19-->src\main\AndroidManifest.xml:9:9-35
20        android:appComponentFactory="androidx.core.app.CoreComponentFactory"
20-->[androidx.core:core:1.1.0] AndroidManifest.xml:24:18-86
21        android:debuggable="true"
22        android:icon="@mipmap/ic_launcher"
22-->src\main\AndroidManifest.xml:10:9-43
23        android:label="@string/app_name"
23-->src\main\AndroidManifest.xml:11:9-41
24        android:roundIcon="@mipmap/ic_launcher_round"
24-->src\main\AndroidManifest.xml:12:9-54
25        android:supportsRtl="true"
25-->src\main\AndroidManifest.xml:13:9-35
26        android:theme="@style/AppTheme" >
26-->src\main\AndroidManifest.xml:14:9-40
27        <activity android:name="com.example.evento.EventsResultsActivity" />
27-->src\main\AndroidManifest.xml:15:9-68
27-->src\main\AndroidManifest.xml:15:19-56
28        <activity android:name="com.example.evento.common.login.ForgetPasswordSuccessMessage" />
28-->src\main\AndroidManifest.xml:16:9-79
28-->src\main\AndroidManifest.xml:16:19-76
29        <activity android:name="com.example.evento.common.login.SetNewPassword" />
29-->src\main\AndroidManifest.xml:17:9-65
29-->src\main\AndroidManifest.xml:17:19-62
30        <activity android:name="com.example.evento.common.login.MakeSelection" />
30-->src\main\AndroidManifest.xml:18:9-64
30-->src\main\AndroidManifest.xml:18:19-61
31        <activity android:name="com.example.evento.common.login.ForgetPassword" />
31-->src\main\AndroidManifest.xml:19:9-65
31-->src\main\AndroidManifest.xml:19:19-62
32        <activity
32-->src\main\AndroidManifest.xml:20:9-22:59
33            android:name="com.example.evento.common.login.VerifyOTP"
33-->src\main\AndroidManifest.xml:21:13-51
34            android:theme="@style/AppTheme.NoActionBar" />
34-->src\main\AndroidManifest.xml:22:13-56
35        <activity
35-->src\main\AndroidManifest.xml:23:9-25:59
36            android:name="com.example.evento.common.login.SignUpScreen3"
36-->src\main\AndroidManifest.xml:24:13-55
37            android:theme="@style/AppTheme.NoActionBar" />
37-->src\main\AndroidManifest.xml:25:13-56
38        <activity
38-->src\main\AndroidManifest.xml:26:9-28:59
39            android:name="com.example.evento.common.login.SignUpScreen2"
39-->src\main\AndroidManifest.xml:27:13-55
40            android:theme="@style/AppTheme.NoActionBar" />
40-->src\main\AndroidManifest.xml:28:13-56
41        <activity
41-->src\main\AndroidManifest.xml:29:9-31:59
42            android:name="com.example.evento.common.login.SignUpScreen"
42-->src\main\AndroidManifest.xml:30:13-54
43            android:theme="@style/AppTheme.NoActionBar" />
43-->src\main\AndroidManifest.xml:31:13-56
44        <activity
44-->src\main\AndroidManifest.xml:32:9-34:59
45            android:name="com.example.evento.common.login.OnBoardingScreen"
45-->src\main\AndroidManifest.xml:33:13-58
46            android:theme="@style/AppTheme.NoActionBar" />
46-->src\main\AndroidManifest.xml:34:13-56
47        <activity
47-->src\main\AndroidManifest.xml:35:9-43:20
48            android:name="com.example.evento.common.login.SplashScreen"
48-->src\main\AndroidManifest.xml:36:13-54
49            android:theme="@style/AppTheme.NoActionBar" >
49-->src\main\AndroidManifest.xml:37:13-56
50            <intent-filter>
50-->src\main\AndroidManifest.xml:38:13-42:29
51                <action android:name="android.intent.action.MAIN" />
51-->src\main\AndroidManifest.xml:39:17-69
51-->src\main\AndroidManifest.xml:39:25-66
52
53                <category android:name="android.intent.category.LAUNCHER" />
53-->src\main\AndroidManifest.xml:41:17-77
53-->src\main\AndroidManifest.xml:41:27-74
54            </intent-filter>
55        </activity>
56        <activity
56-->src\main\AndroidManifest.xml:44:9-46:59
57            android:name="com.example.evento.common.login.LoginScreen"
57-->src\main\AndroidManifest.xml:45:13-53
58            android:theme="@style/AppTheme.NoActionBar" />
58-->src\main\AndroidManifest.xml:46:13-56
59        <activity
59-->src\main\AndroidManifest.xml:47:9-49:59
60            android:name="com.example.evento.common.login.StartingScreen"
60-->src\main\AndroidManifest.xml:48:13-56
61            android:theme="@style/AppTheme.NoActionBar" />
61-->src\main\AndroidManifest.xml:49:13-56
62        <activity android:name="com.example.evento.MyEventsDetailActivity" />
62-->src\main\AndroidManifest.xml:50:9-60
62-->src\main\AndroidManifest.xml:50:19-57
63        <activity android:name="com.example.evento.EventDetailActivity" >
63-->src\main\AndroidManifest.xml:51:9-59:20
63-->src\main\AndroidManifest.xml:51:19-54
64            <intent-filter>
64-->src\main\AndroidManifest.xml:52:13-58:29
65                <action android:name="android.intent.action.SEND" />
65-->src\main\AndroidManifest.xml:53:17-69
65-->src\main\AndroidManifest.xml:53:25-66
66
67                <category android:name="android.intent.category.DEFAULT" />
67-->src\main\AndroidManifest.xml:55:17-76
67-->src\main\AndroidManifest.xml:55:27-73
68
69                <data android:mimeType="image/*" />
69-->src\main\AndroidManifest.xml:57:17-52
69-->src\main\AndroidManifest.xml:57:23-49
70            </intent-filter>
71        </activity>
72        <activity android:name="com.example.evento.HelpActivity" />
72-->src\main\AndroidManifest.xml:60:9-50
72-->src\main\AndroidManifest.xml:60:19-47
73        <activity android:name="com.example.evento.MyWallActivity" />
73-->src\main\AndroidManifest.xml:61:9-52
73-->src\main\AndroidManifest.xml:61:19-49
74        <activity android:name="com.example.evento.EventsListActivity" />
74-->src\main\AndroidManifest.xml:62:9-56
74-->src\main\AndroidManifest.xml:62:19-53
75        <activity android:name="com.example.evento.ProfileActivity" />
75-->src\main\AndroidManifest.xml:63:9-53
75-->src\main\AndroidManifest.xml:63:19-50
76        <activity
76-->src\main\AndroidManifest.xml:64:9-66:59
77            android:name="com.example.evento.HomeActivity"
77-->src\main\AndroidManifest.xml:65:13-41
78            android:theme="@style/AppTheme.NoActionBar" />
78-->src\main\AndroidManifest.xml:66:13-56
79
80        <service android:name="com.example.evento.Service.StatusNotification" />
80-->src\main\AndroidManifest.xml:68:9-63
80-->src\main\AndroidManifest.xml:68:18-60
81
82        <activity android:name="com.example.evento.MainActivity" />
82-->src\main\AndroidManifest.xml:70:9-50
82-->src\main\AndroidManifest.xml:70:19-47
83
84        <meta-data
84-->src\main\AndroidManifest.xml:72:9-74:57
85            android:name="preloaded_fonts"
85-->src\main\AndroidManifest.xml:73:13-43
86            android:resource="@array/preloaded_fonts" />
86-->src\main\AndroidManifest.xml:74:13-54
87        <meta-data
87-->[com.firebaseui:firebase-ui-database:1.2.0] AndroidManifest.xml:14:9-16:69
88            android:name="com.google.android.gms.version"
88-->[com.firebaseui:firebase-ui-database:1.2.0] AndroidManifest.xml:15:13-58
89            android:value="@integer/google_play_services_version" />
89-->[com.firebaseui:firebase-ui-database:1.2.0] AndroidManifest.xml:16:13-66
90        <meta-data
90-->[com.firebaseui:firebase-ui-auth:2.3.0] AndroidManifest.xml:19:9-21:63
91            android:name="io.fabric.ApiKey"
91-->[com.firebaseui:firebase-ui-auth:2.3.0] AndroidManifest.xml:20:13-44
92            android:value="@string/twitter_consumer_secret" />
92-->[com.firebaseui:firebase-ui-auth:2.3.0] AndroidManifest.xml:21:13-60
93        <meta-data
93-->[com.firebaseui:firebase-ui-auth:2.3.0] AndroidManifest.xml:22:9-24:63
94            android:name="com.facebook.sdk.ApplicationId"
94-->[com.firebaseui:firebase-ui-auth:2.3.0] AndroidManifest.xml:23:13-58
95            android:value="@string/facebook_application_id" />
95-->[com.firebaseui:firebase-ui-auth:2.3.0] AndroidManifest.xml:24:13-60
96        <meta-data
96-->[com.firebaseui:firebase-ui-auth:2.3.0] AndroidManifest.xml:25:9-27:36
97            android:name="com.facebook.sdk.AutoLogAppEventsEnabled"
97-->[com.firebaseui:firebase-ui-auth:2.3.0] AndroidManifest.xml:26:13-68
98            android:value="true" />
98-->[com.firebaseui:firebase-ui-auth:2.3.0] AndroidManifest.xml:27:13-33
99
100        <activity
100-->[com.firebaseui:firebase-ui-auth:2.3.0] AndroidManifest.xml:29:9-33:61
101            android:name="com.firebase.ui.auth.KickoffActivity"
101-->[com.firebaseui:firebase-ui-auth:2.3.0] AndroidManifest.xml:30:13-64
102            android:exported="false"
102-->[com.firebaseui:firebase-ui-auth:2.3.0] AndroidManifest.xml:31:13-37
103            android:label=""
103-->[com.firebaseui:firebase-ui-auth:2.3.0] AndroidManifest.xml:32:13-29
104            android:theme="@style/FirebaseUI.Transparent" />
104-->[com.firebaseui:firebase-ui-auth:2.3.0] AndroidManifest.xml:33:13-58
105        <activity
105-->[com.firebaseui:firebase-ui-auth:2.3.0] AndroidManifest.xml:34:9-37:75
106            android:name="com.firebase.ui.auth.ui.email.RecoverPasswordActivity"
106-->[com.firebaseui:firebase-ui-auth:2.3.0] AndroidManifest.xml:35:13-81
107            android:exported="false"
107-->[com.firebaseui:firebase-ui-auth:2.3.0] AndroidManifest.xml:36:13-37
108            android:label="@string/fui_title_recover_password_activity" />
108-->[com.firebaseui:firebase-ui-auth:2.3.0] AndroidManifest.xml:37:13-72
109        <activity
109-->[com.firebaseui:firebase-ui-auth:2.3.0] AndroidManifest.xml:38:9-41:59
110            android:name="com.firebase.ui.auth.ui.email.RegisterEmailActivity"
110-->[com.firebaseui:firebase-ui-auth:2.3.0] AndroidManifest.xml:39:13-79
111            android:exported="false"
111-->[com.firebaseui:firebase-ui-auth:2.3.0] AndroidManifest.xml:40:13-37
112            android:label="@string/fui_sign_in_default" />
112-->[com.firebaseui:firebase-ui-auth:2.3.0] AndroidManifest.xml:41:13-56
113        <activity
113-->[com.firebaseui:firebase-ui-auth:2.3.0] AndroidManifest.xml:42:9-46:64
114            android:name="com.firebase.ui.auth.ui.phone.PhoneVerificationActivity"
114-->[com.firebaseui:firebase-ui-auth:2.3.0] AndroidManifest.xml:43:13-83
115            android:exported="false"
115-->[com.firebaseui:firebase-ui-auth:2.3.0] AndroidManifest.xml:44:13-37
116            android:label="@string/fui_sign_in_with_phone_number"
116-->[com.firebaseui:firebase-ui-auth:2.3.0] AndroidManifest.xml:45:13-66
117            android:windowSoftInputMode="stateAlwaysVisible" />
117-->[com.firebaseui:firebase-ui-auth:2.3.0] AndroidManifest.xml:46:13-61
118        <activity
118-->[com.firebaseui:firebase-ui-auth:2.3.0] AndroidManifest.xml:47:9-50:73
119            android:name="com.firebase.ui.auth.ui.accountlink.WelcomeBackIdpPrompt"
119-->[com.firebaseui:firebase-ui-auth:2.3.0] AndroidManifest.xml:48:13-84
120            android:exported="false"
120-->[com.firebaseui:firebase-ui-auth:2.3.0] AndroidManifest.xml:49:13-37
121            android:label="@string/fui_title_welcome_back_idp_prompt" />
121-->[com.firebaseui:firebase-ui-auth:2.3.0] AndroidManifest.xml:50:13-70
122        <activity
122-->[com.firebaseui:firebase-ui-auth:2.3.0] AndroidManifest.xml:51:9-54:78
123            android:name="com.firebase.ui.auth.ui.accountlink.WelcomeBackPasswordPrompt"
123-->[com.firebaseui:firebase-ui-auth:2.3.0] AndroidManifest.xml:52:13-89
124            android:exported="false"
124-->[com.firebaseui:firebase-ui-auth:2.3.0] AndroidManifest.xml:53:13-37
125            android:label="@string/fui_title_welcome_back_password_prompt" />
125-->[com.firebaseui:firebase-ui-auth:2.3.0] AndroidManifest.xml:54:13-75
126        <activity
126-->[com.firebaseui:firebase-ui-auth:2.3.0] AndroidManifest.xml:55:9-58:65
127            android:name="com.firebase.ui.auth.ui.idp.AuthMethodPickerActivity"
127-->[com.firebaseui:firebase-ui-auth:2.3.0] AndroidManifest.xml:56:13-80
128            android:exported="false"
128-->[com.firebaseui:firebase-ui-auth:2.3.0] AndroidManifest.xml:57:13-37
129            android:label="@string/fui_default_toolbar_title" />
129-->[com.firebaseui:firebase-ui-auth:2.3.0] AndroidManifest.xml:58:13-62
130        <activity
130-->[com.firebaseui:firebase-ui-auth:2.3.0] AndroidManifest.xml:59:9-63:48
131            android:name="com.facebook.FacebookActivity"
131-->[com.firebaseui:firebase-ui-auth:2.3.0] AndroidManifest.xml:60:13-57
132            android:configChanges="keyboard|keyboardHidden|screenLayout|screenSize|orientation"
132-->[com.firebaseui:firebase-ui-auth:2.3.0] AndroidManifest.xml:61:13-96
133            android:label="@string/app_name" />
133-->[com.firebaseui:firebase-ui-auth:2.3.0] AndroidManifest.xml:62:13-45
134        <activity
134-->[com.firebaseui:firebase-ui-auth:2.3.0] AndroidManifest.xml:64:9-76:20
135            android:name="com.facebook.CustomTabActivity"
135-->[com.firebaseui:firebase-ui-auth:2.3.0] AndroidManifest.xml:65:13-58
136            android:exported="true" >
136-->[com.firebaseui:firebase-ui-auth:2.3.0] AndroidManifest.xml:66:13-36
137            <intent-filter>
137-->[com.firebaseui:firebase-ui-auth:2.3.0] AndroidManifest.xml:68:13-75:29
138                <action android:name="android.intent.action.VIEW" />
138-->[com.firebaseui:firebase-ui-auth:2.3.0] AndroidManifest.xml:69:17-69
138-->[com.firebaseui:firebase-ui-auth:2.3.0] AndroidManifest.xml:69:25-66
139
140                <category android:name="android.intent.category.DEFAULT" />
140-->src\main\AndroidManifest.xml:55:17-76
140-->src\main\AndroidManifest.xml:55:27-73
141                <category android:name="android.intent.category.BROWSABLE" />
141-->[com.firebaseui:firebase-ui-auth:2.3.0] AndroidManifest.xml:72:17-78
141-->[com.firebaseui:firebase-ui-auth:2.3.0] AndroidManifest.xml:72:27-75
142
143                <data android:scheme="@string/facebook_login_protocol_scheme" />
143-->src\main\AndroidManifest.xml:57:17-52
144            </intent-filter>
145        </activity>
146        <activity
146-->[com.google.firebase:firebase-auth:19.3.2] AndroidManifest.xml:24:9-31:50
147            android:name="com.google.firebase.auth.internal.FederatedSignInActivity"
147-->[com.google.firebase:firebase-auth:19.3.2] AndroidManifest.xml:25:13-85
148            android:excludeFromRecents="true"
148-->[com.google.firebase:firebase-auth:19.3.2] AndroidManifest.xml:26:13-46
149            android:exported="true"
149-->[com.google.firebase:firebase-auth:19.3.2] AndroidManifest.xml:27:13-36
150            android:launchMode="singleTask"
150-->[com.google.firebase:firebase-auth:19.3.2] AndroidManifest.xml:28:13-44
151            android:permission="com.google.firebase.auth.api.gms.permission.LAUNCH_FEDERATED_SIGN_IN"
151-->[com.google.firebase:firebase-auth:19.3.2] AndroidManifest.xml:29:13-102
152            android:theme="@android:style/Theme.Translucent.NoTitleBar" />
152-->[com.google.firebase:firebase-auth:19.3.2] AndroidManifest.xml:30:13-72
153
154        <service
154-->[com.google.firebase:firebase-auth:19.3.2] AndroidManifest.xml:33:9-39:19
155            android:name="com.google.firebase.components.ComponentDiscoveryService"
155-->[com.google.firebase:firebase-auth:19.3.2] AndroidManifest.xml:34:13-84
156            android:directBootAware="true"
156-->[com.google.firebase:firebase-common:19.3.0] AndroidManifest.xml:34:13-43
157            android:exported="false" >
157-->[com.google.firebase:firebase-auth:19.3.2] AndroidManifest.xml:35:13-37
158            <meta-data
158-->[com.google.firebase:firebase-auth:19.3.2] AndroidManifest.xml:36:13-38:85
159                android:name="com.google.firebase.components:com.google.firebase.auth.FirebaseAuthRegistrar"
159-->[com.google.firebase:firebase-auth:19.3.2] AndroidManifest.xml:37:17-109
160                android:value="com.google.firebase.components.ComponentRegistrar" />
160-->[com.google.firebase:firebase-auth:19.3.2] AndroidManifest.xml:38:17-82
161            <meta-data
161-->[com.google.firebase:firebase-database:19.3.0] AndroidManifest.xml:32:13-34:85
162                android:name="com.google.firebase.components:com.google.firebase.database.DatabaseRegistrar"
162-->[com.google.firebase:firebase-database:19.3.0] AndroidManifest.xml:33:17-109
163                android:value="com.google.firebase.components.ComponentRegistrar" />
163-->[com.google.firebase:firebase-database:19.3.0] AndroidManifest.xml:34:17-82
164            <meta-data
164-->[com.google.firebase:firebase-storage:19.1.1] AndroidManifest.xml:33:13-35:85
165                android:name="com.google.firebase.components:com.google.firebase.storage.StorageRegistrar"
165-->[com.google.firebase:firebase-storage:19.1.1] AndroidManifest.xml:34:17-107
166                android:value="com.google.firebase.components.ComponentRegistrar" />
166-->[com.google.firebase:firebase-storage:19.1.1] AndroidManifest.xml:35:17-82
167            <meta-data
167-->[com.google.firebase:firebase-messaging:20.2.0] AndroidManifest.xml:39:13-41:85
168                android:name="com.google.firebase.components:com.google.firebase.messaging.FirebaseMessagingRegistrar"
168-->[com.google.firebase:firebase-messaging:20.2.0] AndroidManifest.xml:40:17-119
169                android:value="com.google.firebase.components.ComponentRegistrar" />
169-->[com.google.firebase:firebase-messaging:20.2.0] AndroidManifest.xml:41:17-82
170            <meta-data
170-->[com.google.android.gms:play-services-measurement-api:17.2.2] AndroidManifest.xml:30:13-32:85
171                android:name="com.google.firebase.components:com.google.firebase.analytics.connector.internal.AnalyticsConnectorRegistrar"
171-->[com.google.android.gms:play-services-measurement-api:17.2.2] AndroidManifest.xml:31:17-139
172                android:value="com.google.firebase.components.ComponentRegistrar" />
172-->[com.google.android.gms:play-services-measurement-api:17.2.2] AndroidManifest.xml:32:17-82
173            <meta-data
173-->[com.google.firebase:firebase-iid:20.2.0] AndroidManifest.xml:32:13-34:85
174                android:name="com.google.firebase.components:com.google.firebase.iid.Registrar"
174-->[com.google.firebase:firebase-iid:20.2.0] AndroidManifest.xml:33:17-96
175                android:value="com.google.firebase.components.ComponentRegistrar" />
175-->[com.google.firebase:firebase-iid:20.2.0] AndroidManifest.xml:34:17-82
176            <meta-data
176-->[com.google.firebase:firebase-datatransport:17.0.3] AndroidManifest.xml:28:13-30:85
177                android:name="com.google.firebase.components:com.google.firebase.datatransport.TransportRegistrar"
177-->[com.google.firebase:firebase-datatransport:17.0.3] AndroidManifest.xml:29:17-115
178                android:value="com.google.firebase.components.ComponentRegistrar" />
178-->[com.google.firebase:firebase-datatransport:17.0.3] AndroidManifest.xml:30:17-82
179            <meta-data
179-->[com.google.firebase:firebase-installations:16.3.1] AndroidManifest.xml:17:13-19:85
180                android:name="com.google.firebase.components:com.google.firebase.installations.FirebaseInstallationsRegistrar"
180-->[com.google.firebase:firebase-installations:16.3.1] AndroidManifest.xml:18:17-127
181                android:value="com.google.firebase.components.ComponentRegistrar" />
181-->[com.google.firebase:firebase-installations:16.3.1] AndroidManifest.xml:19:17-82
182        </service>
183
184        <activity
184-->[com.google.android.gms:play-services-auth:16.0.0] AndroidManifest.xml:23:9-27:75
185            android:name="com.google.android.gms.auth.api.signin.internal.SignInHubActivity"
185-->[com.google.android.gms:play-services-auth:16.0.0] AndroidManifest.xml:24:13-93
186            android:excludeFromRecents="true"
186-->[com.google.android.gms:play-services-auth:16.0.0] AndroidManifest.xml:25:13-46
187            android:exported="false"
187-->[com.google.android.gms:play-services-auth:16.0.0] AndroidManifest.xml:26:13-37
188            android:theme="@android:style/Theme.Translucent.NoTitleBar" />
188-->[com.google.android.gms:play-services-auth:16.0.0] AndroidManifest.xml:27:13-72
189        <!--
190            Service handling Google Sign-In user revocation. For apps that do not integrate with
191            Google Sign-In, this service will never be started.
192        -->
193        <service
193-->[com.google.android.gms:play-services-auth:16.0.0] AndroidManifest.xml:33:9-36:110
194            android:name="com.google.android.gms.auth.api.signin.RevocationBoundService"
194-->[com.google.android.gms:play-services-auth:16.0.0] AndroidManifest.xml:34:13-89
195            android:exported="true"
195-->[com.google.android.gms:play-services-auth:16.0.0] AndroidManifest.xml:35:13-36
196            android:permission="com.google.android.gms.auth.api.signin.permission.REVOCATION_NOTIFICATION" />
196-->[com.google.android.gms:play-services-auth:16.0.0] AndroidManifest.xml:36:13-107
197
198        <provider
198-->[com.squareup.picasso:picasso:2.71828] AndroidManifest.xml:8:9-11:40
199            android:name="com.squareup.picasso.PicassoProvider"
199-->[com.squareup.picasso:picasso:2.71828] AndroidManifest.xml:9:13-64
200            android:authorities="com.example.evento.com.squareup.picasso"
200-->[com.squareup.picasso:picasso:2.71828] AndroidManifest.xml:10:13-72
201            android:exported="false" />
201-->[com.squareup.picasso:picasso:2.71828] AndroidManifest.xml:11:13-37
202        <!--
203             FirebaseMessagingService performs security checks at runtime,
204             but set to not exported to explicitly avoid allowing another app to call it.
205        -->
206        <service
206-->[com.google.firebase:firebase-messaging:20.2.0] AndroidManifest.xml:28:9-35:19
207            android:name="com.google.firebase.messaging.FirebaseMessagingService"
207-->[com.google.firebase:firebase-messaging:20.2.0] AndroidManifest.xml:29:13-82
208            android:directBootAware="true"
208-->[com.google.firebase:firebase-messaging:20.2.0] AndroidManifest.xml:30:13-43
209            android:exported="false" >
209-->[com.google.firebase:firebase-messaging:20.2.0] AndroidManifest.xml:31:13-37
210            <intent-filter android:priority="-500" >
210-->[com.google.firebase:firebase-messaging:20.2.0] AndroidManifest.xml:32:13-34:29
210-->[com.google.firebase:firebase-messaging:20.2.0] AndroidManifest.xml:32:28-51
211                <action android:name="com.google.firebase.MESSAGING_EVENT" />
211-->[com.google.firebase:firebase-messaging:20.2.0] AndroidManifest.xml:33:17-78
211-->[com.google.firebase:firebase-messaging:20.2.0] AndroidManifest.xml:33:25-75
212            </intent-filter>
213        </service>
214
215        <receiver
215-->[com.google.android.gms:play-services-measurement:17.2.2] AndroidManifest.xml:29:9-33:20
216            android:name="com.google.android.gms.measurement.AppMeasurementReceiver"
216-->[com.google.android.gms:play-services-measurement:17.2.2] AndroidManifest.xml:30:13-85
217            android:enabled="true"
217-->[com.google.android.gms:play-services-measurement:17.2.2] AndroidManifest.xml:31:13-35
218            android:exported="false" >
218-->[com.google.android.gms:play-services-measurement:17.2.2] AndroidManifest.xml:32:13-37
219        </receiver>
220        <receiver
220-->[com.google.android.gms:play-services-measurement:17.2.2] AndroidManifest.xml:34:9-42:20
221            android:name="com.google.android.gms.measurement.AppMeasurementInstallReferrerReceiver"
221-->[com.google.android.gms:play-services-measurement:17.2.2] AndroidManifest.xml:35:13-100
222            android:enabled="true"
222-->[com.google.android.gms:play-services-measurement:17.2.2] AndroidManifest.xml:36:13-35
223            android:exported="true"
223-->[com.google.android.gms:play-services-measurement:17.2.2] AndroidManifest.xml:37:13-36
224            android:permission="android.permission.INSTALL_PACKAGES" >
224-->[com.google.android.gms:play-services-measurement:17.2.2] AndroidManifest.xml:38:13-69
225            <intent-filter>
225-->[com.google.android.gms:play-services-measurement:17.2.2] AndroidManifest.xml:39:13-41:29
226                <action android:name="com.android.vending.INSTALL_REFERRER" />
226-->[com.google.android.gms:play-services-measurement:17.2.2] AndroidManifest.xml:40:17-79
226-->[com.google.android.gms:play-services-measurement:17.2.2] AndroidManifest.xml:40:25-76
227            </intent-filter>
228        </receiver>
229
230        <service
230-->[com.google.android.gms:play-services-measurement:17.2.2] AndroidManifest.xml:44:9-47:40
231            android:name="com.google.android.gms.measurement.AppMeasurementService"
231-->[com.google.android.gms:play-services-measurement:17.2.2] AndroidManifest.xml:45:13-84
232            android:enabled="true"
232-->[com.google.android.gms:play-services-measurement:17.2.2] AndroidManifest.xml:46:13-35
233            android:exported="false" />
233-->[com.google.android.gms:play-services-measurement:17.2.2] AndroidManifest.xml:47:13-37
234        <service
234-->[com.google.android.gms:play-services-measurement:17.2.2] AndroidManifest.xml:48:9-52:72
235            android:name="com.google.android.gms.measurement.AppMeasurementJobService"
235-->[com.google.android.gms:play-services-measurement:17.2.2] AndroidManifest.xml:49:13-87
236            android:enabled="true"
236-->[com.google.android.gms:play-services-measurement:17.2.2] AndroidManifest.xml:50:13-35
237            android:exported="false"
237-->[com.google.android.gms:play-services-measurement:17.2.2] AndroidManifest.xml:51:13-37
238            android:permission="android.permission.BIND_JOB_SERVICE" />
238-->[com.google.android.gms:play-services-measurement:17.2.2] AndroidManifest.xml:52:13-69
239
240        <receiver
240-->[com.google.firebase:firebase-iid:20.2.0] AndroidManifest.xml:37:9-44:20
241            android:name="com.google.firebase.iid.FirebaseInstanceIdReceiver"
241-->[com.google.firebase:firebase-iid:20.2.0] AndroidManifest.xml:38:13-78
242            android:exported="true"
242-->[com.google.firebase:firebase-iid:20.2.0] AndroidManifest.xml:39:13-36
243            android:permission="com.google.android.c2dm.permission.SEND" >
243-->[com.google.firebase:firebase-iid:20.2.0] AndroidManifest.xml:40:13-73
244            <intent-filter>
244-->[com.google.firebase:firebase-iid:20.2.0] AndroidManifest.xml:41:13-43:29
245                <action android:name="com.google.android.c2dm.intent.RECEIVE" />
245-->[com.google.firebase:firebase-iid:20.2.0] AndroidManifest.xml:42:17-81
245-->[com.google.firebase:firebase-iid:20.2.0] AndroidManifest.xml:42:25-78
246            </intent-filter>
247        </receiver>
248
249        <provider
249-->[com.google.firebase:firebase-common:19.3.0] AndroidManifest.xml:26:9-30:39
250            android:name="com.google.firebase.provider.FirebaseInitProvider"
250-->[com.google.firebase:firebase-common:19.3.0] AndroidManifest.xml:27:13-77
251            android:authorities="com.example.evento.firebaseinitprovider"
251-->[com.google.firebase:firebase-common:19.3.0] AndroidManifest.xml:28:13-72
252            android:exported="false"
252-->[com.google.firebase:firebase-common:19.3.0] AndroidManifest.xml:29:13-37
253            android:initOrder="100" />
253-->[com.google.firebase:firebase-common:19.3.0] AndroidManifest.xml:30:13-36
254
255        <activity
255-->[com.google.android.gms:play-services-base:17.1.0] AndroidManifest.xml:23:9-26:75
256            android:name="com.google.android.gms.common.api.GoogleApiActivity"
256-->[com.google.android.gms:play-services-base:17.1.0] AndroidManifest.xml:24:13-79
257            android:exported="false"
257-->[com.google.android.gms:play-services-base:17.1.0] AndroidManifest.xml:25:13-37
258            android:theme="@android:style/Theme.Translucent.NoTitleBar" />
258-->[com.google.android.gms:play-services-base:17.1.0] AndroidManifest.xml:26:13-72
259
260        <service
260-->[com.google.android.datatransport:transport-backend-cct:2.2.0] AndroidManifest.xml:29:9-35:19
261            android:name="com.google.android.datatransport.runtime.backends.TransportBackendDiscovery"
261-->[com.google.android.datatransport:transport-backend-cct:2.2.0] AndroidManifest.xml:30:13-103